<?xml version="1.0" encoding="UTF-8"?>
<!-- Generated by org.testng.reporters.JUnitReportReporter -->
<testsuite skipped="0" hostname="DESKTOP-IKJOVKI" name="actitime.CreateUserTest" tests="1" failures="0" timestamp="2021-03-03T08:59:08 IST" time="13.372" errors="0">
  <testcase name="createUser" time="13.372" classname="actitime.CreateUserTest"/>
  <system-out>
Open Tasks Pageis displayed User List Pageis displayed Add new User Pageis displayed User is created,Success message is displayed  </system-out>
</testsuite> <!-- actitime.CreateUserTest -->
